
> loconomy@1.0.0 build
> next build

  ▲ Next.js 14.2.30
  - Environments: .env.local

   Creating an optimized production build ...
Failed to compile.

./components/ui/trust-badge.tsx
Error: 
  [31mx[0m the name `Link` is defined multiple times
    ,-[[36;1;4m/workspace/components/ui/trust-badge.tsx[0m:28:1]
 [2m28[0m |   FileText,
 [2m29[0m |   Building,
 [2m30[0m |   Clock,
 [2m31[0m |   Link,
    : [31;1m  ^^|^[0m
    :     [31;1m`-- [31;1mprevious definition of `Link` here[0m[0m
 [2m32[0m |   Shield,
 [2m33[0m |   Star
 [2m34[0m | } from "lucide-react";
 [2m35[0m | import { cn } from "@/lib/utils";
 [2m36[0m | import Link from "next/link";
    : [33;1m       ^^|^[0m
    :          [33;1m`-- [33;1m`Link` redefined here[0m[0m
 [2m37[0m | 
 [2m38[0m | interface TrustScore {
 [2m39[0m |   overall: number;
    `----

Import trace for requested module:
./components/ui/trust-badge.tsx
./app/[locale]/ui-evolution/page.tsx

./app/[locale]/admin/content-moderation/page.tsx
Error: 
  [31mx[0m the name `Link` is defined multiple times
    ,-[[36;1;4m/workspace/app/[locale]/admin/content-moderation/page.tsx[0m:17:1]
 [2m17[0m |   Shield,
 [2m18[0m |   CheckCircle,
 [2m19[0m |   Clock,
 [2m20[0m |   Link
    : [31;1m  ^^|^[0m
    :     [31;1m`-- [31;1mprevious definition of `Link` here[0m[0m
 [2m21[0m | } from "lucide-react";
 [2m22[0m | import Link from "next/link"
    : [33;1m       ^^|^[0m
    :          [33;1m`-- [33;1m`Link` redefined here[0m[0m
 [2m23[0m | import { useToast } from "@/components/ui/use-toast"
 [2m24[0m | 
 [2m25[0m | interface ReportedContent {
    `----

Import trace for requested module:
./app/[locale]/admin/content-moderation/page.tsx

./app/[locale]/admin/financial-overview/page.tsx
Error: 
  [31mx[0m the name `Link` is defined multiple times
    ,-[[36;1;4m/workspace/app/[locale]/admin/financial-overview/page.tsx[0m:19:1]
 [2m19[0m |   Eye,
 [2m20[0m |   Search,
 [2m21[0m |   RefreshCcw,
 [2m22[0m |   Link
    : [31;1m  ^^|^[0m
    :     [31;1m`-- [31;1mprevious definition of `Link` here[0m[0m
 [2m23[0m | } from "lucide-react";
 [2m24[0m | import Link from "next/link"
    : [33;1m       ^^|^[0m
    :          [33;1m`-- [33;1m`Link` redefined here[0m[0m
 [2m25[0m | import { useToast } from "@/components/ui/use-toast"
 [2m26[0m | import {
 [2m27[0m |   XAxis,
    `----

Import trace for requested module:
./app/[locale]/admin/financial-overview/page.tsx

./app/[locale]/admin/growth-analytics/page.tsx
Error: 
  [31mx[0m the name `Link` is defined multiple times
    ,-[[36;1;4m/workspace/app/[locale]/admin/growth-analytics/page.tsx[0m:17:1]
 [2m17[0m |   DollarSign,
 [2m18[0m |   Eye,
 [2m19[0m |   CheckCircle,
 [2m20[0m |   Link
    : [31;1m  ^^|^[0m
    :     [31;1m`-- [31;1mprevious definition of `Link` here[0m[0m
 [2m21[0m | } from "lucide-react";
 [2m22[0m | import Link from "next/link"
    : [33;1m       ^^|^[0m
    :          [33;1m`-- [33;1m`Link` redefined here[0m[0m
 [2m23[0m | import { useToast } from "@/components/ui/use-toast"
 [2m24[0m | import {
 [2m25[0m |   XAxis,
    `----

Import trace for requested module:
./app/[locale]/admin/growth-analytics/page.tsx

./app/[locale]/admin/page.tsx
Error: 
  [31mx[0m the name `Link` is defined multiple times
    ,-[[36;1;4m/workspace/app/[locale]/admin/page.tsx[0m:25:1]
 [2m25[0m |   Clock,
 [2m26[0m |   CheckCircle,
 [2m27[0m |   Zap,
 [2m28[0m |   Link
    : [31;1m  ^^|^[0m
    :     [31;1m`-- [31;1mprevious definition of `Link` here[0m[0m
 [2m29[0m | } from "lucide-react";
 [2m30[0m | import Link from "next/link";
    : [33;1m       ^^|^[0m
    :          [33;1m`-- [33;1m`Link` redefined here[0m[0m
 [2m31[0m | 
 [2m32[0m | export default function AdminDashboard() {
 [2m33[0m |   const stats = [
    `----

Import trace for requested module:
./app/[locale]/admin/page.tsx


> Build failed because of webpack errors
