
> loconomy@1.0.0 build
> next build

  ▲ Next.js 14.2.30
  - Environments: .env.local

   Creating an optimized production build ...
Failed to compile.

./components/rbac/RoleGate.tsx
Error: 
  [31mx[0m Expected ';', '}' or <eof>
    ,-[[36;1;4m/workspace/components/rbac/RoleGate.tsx[0m:23:1]
 [2m23[0m |   LogIn,
 [2m24[0m |   Link
 [2m25[0m | } from "lucide-react";
 [2m26[0m | importfrom 'next/link';
    : [31;1m^^^^^|^^^^[0m[33;1m ^^^^^^^^^^^[0m
    :      [31;1m`-- [31;1mThis is the expression part of an expression statement[0m[0m
 [2m27[0m | 
 [2m28[0m | interface RoleGateServerProps extends RoleGateProps {
 [2m29[0m |   user?: User | null;
    `----

Caused by:
    Syntax Error

Import trace for requested module:
./components/rbac/RoleGate.tsx
./app/[locale]/example-rbac/page.tsx


> Build failed because of webpack errors
